<?xml version="1.0" encoding="UTF-8"?>
<!-- Generated by org.testng.reporters.JUnitReportReporter -->
<testsuite skipped="0" hostname="DESKTOP-TKK5GPG" name="com.qtpselenium.zoho.project.testcases.PotentialTest" tests="2" failures="0" timestamp="27 Feb 2020 05:17:45 GMT" time="0.208" errors="0">
  <testcase name="createPotentialTest" time="0.110" classname="com.qtpselenium.zoho.project.testcases.PotentialTest"/>
  <testcase name="deletePotentialAccountTest" time="0.098" classname="com.qtpselenium.zoho.project.testcases.PotentialTest"/>
</testsuite> <!-- com.qtpselenium.zoho.project.testcases.PotentialTest -->
